TN:
SF:C:\JS\OxanaDanilova-2019Q1\youtube-client\src\models\AppModel.js
FN:2,(anonymous_0)
FN:6,(anonymous_1)
FN:7,(anonymous_2)
FN:10,(anonymous_3)
FNF:4
FNH:2
FNDA:0,(anonymous_0)
FNDA:1,(anonymous_1)
FNDA:3,(anonymous_2)
FNDA:0,(anonymous_3)
DA:3,0
DA:7,3
DA:11,0
DA:13,0
DA:14,0
DA:20,0
LF:6
LH:1
BRF:0
BRH:0
end_of_record
TN:
SF:C:\JS\OxanaDanilova-2019Q1\youtube-client\src\views\AppView\AppView.js
FN:2,(anonymous_0)
FN:6,(anonymous_1)
FN:9,(anonymous_2)
FNF:3
FNH:2
FNDA:0,(anonymous_0)
FNDA:1,(anonymous_1)
FNDA:3,(anonymous_2)
DA:3,0
DA:7,1
DA:9,3
DA:11,1
LF:4
LH:3
BRF:0
BRH:0
end_of_record
